<?xml version="1.0" encoding="UTF-8"?>
<!-- Generated by org.testng.reporters.JUnitReportReporter -->
<testsuite skipped="0" hostname="DESKTOP-IO2H4GU" name="com.pruebabank.Test.testWikipedia" tests="1" failures="0" timestamp="2022-07-06T22:49:13 CST" time="22.686" errors="0">
  <testcase name="pruebaWikipedia" time="22.686" classname="com.pruebabank.Test.testWikipedia"/>
  <system-out/>
</testsuite> <!-- com.pruebabank.Test.testWikipedia -->
